<?xml version="1.0" encoding="UTF-8"?>
<testsuite xmlns:xsi="http://www.w3.org/2001/XMLSchema-instance" xsi:noNamespaceSchemaLocation="https://maven.apache.org/surefire/maven-surefire-plugin/xsd/surefire-test-report-3.0.xsd" version="3.0" name="HTTPRequestParserTest" time="0.079" tests="5" errors="0" skipped="0" failures="2">
  <properties>
[...]
</properties>
  <testcase name="testNoHeadersNoBody" classname="HTTPRequestParserTest" time="0.033"/>
  <testcase name="testMalformedRequestLine" classname="HTTPRequestParserTest" time="0.008">
    <failure message="Unexpected exception type thrown, expected: &lt;exceptions.HTTPParseException&gt; but was: &lt;java.lang.ArrayIndexOutOfBoundsException&gt;" type="org.opentest4j.AssertionFailedError"><![CDATA[org.opentest4j.AssertionFailedError: Unexpected exception type thrown, expected: <exceptions.HTTPParseException> but was: <java.lang.ArrayIndexOutOfBoundsException>
	at org.junit.jupiter.api.AssertionFailureBuilder.build(AssertionFailureBuilder.java:151)
	at org.junit.jupiter.api.AssertThrows.assertThrows(AssertThrows.java:67)
	at org.junit.jupiter.api.AssertThrows.assertThrows(AssertThrows.java:35)
	at org.junit.jupiter.api.Assertions.assertThrows(Assertions.java:3111)
	at HTTPRequestParserTest.testMalformedRequestLine(HTTPRequestParserTest.java:66)
	at java.base/java.lang.reflect.Method.invoke(Method.java:566)
	at java.base/java.util.ArrayList.forEach(ArrayList.java:1541)
	at java.base/java.util.ArrayList.forEach(ArrayList.java:1541)
Caused by: java.lang.ArrayIndexOutOfBoundsException: Index 1 out of bounds for length 1
	at HTTPRequestParser.nextRequest(HTTPRequestParser.java:25)
	at HTTPRequestParserTest.lambda$testMalformedRequestLine$0(HTTPRequestParserTest.java:68)
	at org.junit.jupiter.api.AssertThrows.assertThrows(AssertThrows.java:53)
	... 6 more
]]></failure>
  </testcase>
  <testcase name="testEmptyStream" classname="HTTPRequestParserTest" time="0.001"/>
  <testcase name="testPostRequest" classname="HTTPRequestParserTest" time="0.001">
    <failure message="expected: &lt;abcde&gt; but was: &lt;&amp;#0;&amp;#0;&amp;#0;&amp;#0;&amp;#0;&gt;" type="org.opentest4j.AssertionFailedError"><![CDATA[org.opentest4j.AssertionFailedError: expected: <abcde> but was: <&amp#0;&amp#0;&amp#0;&amp#0;&amp#0;>
	at org.junit.jupiter.api.AssertionFailureBuilder.build(AssertionFailureBuilder.java:151)
	at org.junit.jupiter.api.AssertionFailureBuilder.buildAndThrow(AssertionFailureBuilder.java:132)
	at org.junit.jupiter.api.AssertEquals.failNotEqual(AssertEquals.java:197)
	at org.junit.jupiter.api.AssertEquals.assertEquals(AssertEquals.java:182)
	at org.junit.jupiter.api.AssertEquals.assertEquals(AssertEquals.java:177)
	at org.junit.jupiter.api.Assertions.assertEquals(Assertions.java:1141)
	at HTTPRequestParserTest.testPostRequest(HTTPRequestParserTest.java:43)
	at java.base/java.lang.reflect.Method.invoke(Method.java:566)
	at java.base/java.util.ArrayList.forEach(ArrayList.java:1541)
	at java.base/java.util.ArrayList.forEach(ArrayList.java:1541)
]]></failure>
  </testcase>
  <testcase name="testSimpleGetRequest" classname="HTTPRequestParserTest" time="0.0"/>
</testsuite>